Performing C SOURCE FILE Test CMAKE_HAVE_LIBC_PTHREAD failed with the following output:
Change Dir: /home/turtlebot/catkin_ws/src/beginner_tutorials/build/CMakeFiles/CMakeTmp

Run Build Command(s):/usr/bin/ninja cmTC_b4218 && [1/2] Building C object CMakeFiles/cmTC_b4218.dir/src.c.o
[2/2] Linking C executable cmTC_b4218
FAILED: cmTC_b4218 
: && /usr/bin/cc -DCMAKE_HAVE_LIBC_PTHREAD  -rdynamic CMakeFiles/cmTC_b4218.dir/src.c.o  -o cmTC_b4218   && :
/usr/bin/ld: CMakeFiles/cmTC_b4218.dir/src.c.o: in function `main':
src.c:(.text+0x46): undefined reference to `pthread_create'
/usr/bin/ld: src.c:(.text+0x52): undefined reference to `pthread_detach'
/usr/bin/ld: src.c:(.text+0x63): undefined reference to `pthread_join'
collect2: error: ld returned 1 exit status
ninja: build stopped: subcommand failed.


Source file was:
#include <pthread.h>

void* test_func(void* data)
{
  return data;
}

int main(void)
{
  pthread_t thread;
  pthread_create(&thread, NULL, test_func, NULL);
  pthread_detach(thread);
  pthread_join(thread, NULL);
  pthread_atfork(NULL, NULL, NULL);
  pthread_exit(NULL);

  return 0;
}

Determining if the function pthread_create exists in the pthreads failed with the following output:
Change Dir: /home/turtlebot/catkin_ws/src/beginner_tutorials/build/CMakeFiles/CMakeTmp

Run Build Command(s):/usr/bin/ninja cmTC_0f254 && [1/2] Building C object CMakeFiles/cmTC_0f254.dir/CheckFunctionExists.c.o
[2/2] Linking C executable cmTC_0f254
FAILED: cmTC_0f254 
: && /usr/bin/cc -DCHECK_FUNCTION_EXISTS=pthread_create  -rdynamic CMakeFiles/cmTC_0f254.dir/CheckFunctionExists.c.o  -o cmTC_0f254  -lpthreads && :
/usr/bin/ld: cannot find -lpthreads
collect2: error: ld returned 1 exit status
ninja: build stopped: subcommand failed.



Performing C SOURCE FILE Test CMAKE_HAVE_LIBC_PTHREAD failed with the following output:
Change Dir: /home/kevin/catkin_ws/src/beginner_tutorials/build/CMakeFiles/CMakeTmp

Run Build Command(s):/usr/bin/make cmTC_a4320/fast && /usr/bin/make -f CMakeFiles/cmTC_a4320.dir/build.make CMakeFiles/cmTC_a4320.dir/build
make[1]: Entering directory '/home/kevin/catkin_ws/src/beginner_tutorials/build/CMakeFiles/CMakeTmp'
Building C object CMakeFiles/cmTC_a4320.dir/src.c.o
/usr/bin/cc   -DCMAKE_HAVE_LIBC_PTHREAD   -o CMakeFiles/cmTC_a4320.dir/src.c.o   -c /home/kevin/catkin_ws/src/beginner_tutorials/build/CMakeFiles/CMakeTmp/src.c
Linking C executable cmTC_a4320
/usr/bin/cmake -E cmake_link_script CMakeFiles/cmTC_a4320.dir/link.txt --verbose=1
/usr/bin/cc  -DCMAKE_HAVE_LIBC_PTHREAD    -rdynamic CMakeFiles/cmTC_a4320.dir/src.c.o  -o cmTC_a4320 
/usr/bin/ld: CMakeFiles/cmTC_a4320.dir/src.c.o: in function `main':
src.c:(.text+0x46): undefined reference to `pthread_create'
/usr/bin/ld: src.c:(.text+0x52): undefined reference to `pthread_detach'
/usr/bin/ld: src.c:(.text+0x63): undefined reference to `pthread_join'
collect2: error: ld returned 1 exit status
make[1]: *** [CMakeFiles/cmTC_a4320.dir/build.make:87: cmTC_a4320] Error 1
make[1]: Leaving directory '/home/kevin/catkin_ws/src/beginner_tutorials/build/CMakeFiles/CMakeTmp'
make: *** [Makefile:121: cmTC_a4320/fast] Error 2


Source file was:
#include <pthread.h>

void* test_func(void* data)
{
  return data;
}

int main(void)
{
  pthread_t thread;
  pthread_create(&thread, NULL, test_func, NULL);
  pthread_detach(thread);
  pthread_join(thread, NULL);
  pthread_atfork(NULL, NULL, NULL);
  pthread_exit(NULL);

  return 0;
}

Determining if the function pthread_create exists in the pthreads failed with the following output:
Change Dir: /home/kevin/catkin_ws/src/beginner_tutorials/build/CMakeFiles/CMakeTmp

Run Build Command(s):/usr/bin/make cmTC_5f86d/fast && /usr/bin/make -f CMakeFiles/cmTC_5f86d.dir/build.make CMakeFiles/cmTC_5f86d.dir/build
make[1]: Entering directory '/home/kevin/catkin_ws/src/beginner_tutorials/build/CMakeFiles/CMakeTmp'
Building C object CMakeFiles/cmTC_5f86d.dir/CheckFunctionExists.c.o
/usr/bin/cc   -DCHECK_FUNCTION_EXISTS=pthread_create   -o CMakeFiles/cmTC_5f86d.dir/CheckFunctionExists.c.o   -c /usr/share/cmake-3.16/Modules/CheckFunctionExists.c
Linking C executable cmTC_5f86d
/usr/bin/cmake -E cmake_link_script CMakeFiles/cmTC_5f86d.dir/link.txt --verbose=1
/usr/bin/cc  -DCHECK_FUNCTION_EXISTS=pthread_create    -rdynamic CMakeFiles/cmTC_5f86d.dir/CheckFunctionExists.c.o  -o cmTC_5f86d  -lpthreads 
/usr/bin/ld: cannot find -lpthreads
collect2: error: ld returned 1 exit status
make[1]: *** [CMakeFiles/cmTC_5f86d.dir/build.make:87: cmTC_5f86d] Error 1
make[1]: Leaving directory '/home/kevin/catkin_ws/src/beginner_tutorials/build/CMakeFiles/CMakeTmp'
make: *** [Makefile:121: cmTC_5f86d/fast] Error 2



